[debug] [2021-11-01T18:27:49.600Z] ----------------------------------------------------------------------
[debug] [2021-11-01T18:27:49.601Z] Command:       C:\Program Files\nodejs\node.exe C:\Users\Владимир\AppData\Roaming\npm\node_modules\firebase-tools\lib\bin\firebase.js init
[debug] [2021-11-01T18:27:49.601Z] CLI Version:   9.21.0
[debug] [2021-11-01T18:27:49.602Z] Platform:      win32
[debug] [2021-11-01T18:27:49.602Z] Node Version:  v14.15.1
[debug] [2021-11-01T18:27:49.603Z] Time:          Mon Nov 01 2021 21:27:49 GMT+0300 (Москва, стандартное время)
[debug] [2021-11-01T18:27:49.603Z] ----------------------------------------------------------------------
[debug] 
[debug] [2021-11-01T18:27:49.605Z] >>> [apiv2][query] GET https://firebase-public.firebaseio.com/cli.json [none]
[debug] [2021-11-01T18:27:49.662Z] > command requires scopes: ["email","openid","https://www.googleapis.com/auth/cloudplatformprojects.readonly","https://www.googleapis.com/auth/firebase","https://www.googleapis.com/auth/cloud-platform"]
[debug] [2021-11-01T18:27:49.662Z] > authorizing via signed-in user (vakovalkin@gmail.com)
[info] 
     ######## #### ########  ######## ########     ###     ######  ########
     ##        ##  ##     ## ##       ##     ##  ##   ##  ##       ##
     ######    ##  ########  ######   ########  #########  ######  ######
     ##        ##  ##    ##  ##       ##     ## ##     ##       ## ##
     ##       #### ##     ## ######## ########  ##     ##  ######  ########

You're about to initialize a Firebase project in this directory:

  C:\Users\Владимир\Desktop\01-starting-project(old)

Before we get started, keep in mind:

  * You are initializing within an existing Firebase project directory

[debug] [2021-11-01T18:27:50.151Z] <<< [apiv2][status] GET https://firebase-public.firebaseio.com/cli.json 200
[debug] [2021-11-01T18:27:50.152Z] <<< [apiv2][body] GET https://firebase-public.firebaseio.com/cli.json {"cloudBuildErrorAfter":1594252800000,"cloudBuildWarnAfter":1590019200000,"defaultNode10After":1594252800000,"minVersion":"3.0.5","node8DeploysDisabledAfter":1613390400000,"node8RuntimeDisabledAfter":1615809600000,"node8WarnAfter":1600128000000}
[error] 
[error] Error: Must select at least one feature. Use SPACEBAR to select features, or specify a feature by running firebase init [feature_name]
